<?xml version="1.0" encoding="UTF-8"?>
<!-- Generated by org.testng.reporters.JUnitReportReporter -->
<testsuite hostname="DESKTOP-MJ0SAQN" failures="0" tests="32" name="in.orangeHRM.testlayer.TestClass" time="480.721" errors="1" timestamp="2023-01-21T09:09:54 IST" skipped="15">
  <testcase classname="in.orangeHRM.testlayer.TestClass" name="setUp" time="33.211">
    <error message="Timed out waiting for driver server to start.
Build info: version: &#039;3.141.59&#039;, revision: &#039;e82be7d358&#039;, time: &#039;2018-11-14T08:17:03&#039;
System info: host: &#039;DESKTOP-MJ0SAQN&#039;, ip: &#039;192.168.243.36&#039;, os.name: &#039;Windows 10&#039;, os.arch: &#039;amd64&#039;, os.version: &#039;10.0&#039;, java.version: &#039;18.0.2.1&#039;
Driver info: driver.version: ChromeDriver" type="org.openqa.selenium.WebDriverException">
      <![CDATA[org.openqa.selenium.WebDriverException: Timed out waiting for driver server to start.
Build info: version: '3.141.59', revision: 'e82be7d358', time: '2018-11-14T08:17:03'
System info: host: 'DESKTOP-MJ0SAQN', ip: '192.168.243.36', os.name: 'Windows 10', os.arch: 'amd64', os.version: '10.0', java.version: '18.0.2.1'
Driver info: driver.version: ChromeDriver
at org.openqa.selenium.remote.service.DriverService.waitUntilAvailable(DriverService.java:202)
at org.openqa.selenium.remote.service.DriverService.start(DriverService.java:188)
at org.openqa.selenium.remote.service.DriverCommandExecutor.execute(DriverCommandExecutor.java:79)
at org.openqa.selenium.remote.RemoteWebDriver.execute(RemoteWebDriver.java:552)
at org.openqa.selenium.remote.RemoteWebDriver.startSession(RemoteWebDriver.java:213)
at org.openqa.selenium.remote.RemoteWebDriver.<init>(RemoteWebDriver.java:131)
at org.openqa.selenium.chrome.ChromeDriver.<init>(ChromeDriver.java:181)
at org.openqa.selenium.chrome.ChromeDriver.<init>(ChromeDriver.java:168)
at org.openqa.selenium.chrome.ChromeDriver.<init>(ChromeDriver.java:123)
at in.orangeHRM.baseclass.BaseClass.setUp(BaseClass.java:81)
at java.base/jdk.internal.reflect.DirectMethodHandleAccessor.invoke(DirectMethodHandleAccessor.java:104)
at java.base/java.lang.reflect.Method.invoke(Method.java:577)
at org.testng.internal.MethodInvocationHelper.invokeMethod(MethodInvocationHelper.java:133)
at org.testng.internal.MethodInvocationHelper.invokeMethodConsideringTimeout(MethodInvocationHelper.java:62)
at org.testng.internal.ConfigInvoker.invokeConfigurationMethod(ConfigInvoker.java:385)
at org.testng.internal.ConfigInvoker.invokeConfigurations(ConfigInvoker.java:321)
at org.testng.internal.TestInvoker.runConfigMethods(TestInvoker.java:700)
at org.testng.internal.TestInvoker.invokeMethod(TestInvoker.java:527)
at org.testng.internal.TestInvoker.invokeTestMethod(TestInvoker.java:173)
at org.testng.internal.MethodRunner.runInSequence(MethodRunner.java:46)
at org.testng.internal.TestInvoker$MethodInvocationAgent.invoke(TestInvoker.java:824)
at org.testng.internal.TestInvoker.invokeTestMethods(TestInvoker.java:146)
at org.testng.internal.TestMethodWorker.invokeTestMethods(TestMethodWorker.java:146)
at org.testng.internal.TestMethodWorker.run(TestMethodWorker.java:128)
at java.base/java.util.ArrayList.forEach(ArrayList.java:1511)
at org.testng.TestRunner.privateRun(TestRunner.java:794)
at org.testng.TestRunner.run(TestRunner.java:596)
at org.testng.SuiteRunner.runTest(SuiteRunner.java:377)
at org.testng.SuiteRunner.runSequentially(SuiteRunner.java:371)
at org.testng.SuiteRunner.privateRun(SuiteRunner.java:332)
at org.testng.SuiteRunner.run(SuiteRunner.java:276)
at org.testng.SuiteRunnerWorker.runSuite(SuiteRunnerWorker.java:53)
at org.testng.SuiteRunnerWorker.run(SuiteRunnerWorker.java:96)
at org.testng.TestNG.runSuitesSequentially(TestNG.java:1212)
at org.testng.TestNG.runSuitesLocally(TestNG.java:1134)
at org.testng.TestNG.runSuites(TestNG.java:1063)
at org.testng.TestNG.run(TestNG.java:1031)
at org.testng.remote.AbstractRemoteTestNG.run(AbstractRemoteTestNG.java:115)
at org.testng.remote.RemoteTestNG.initAndRun(RemoteTestNG.java:251)
at org.testng.remote.RemoteTestNG.main(RemoteTestNG.java:77)
Caused by: org.openqa.selenium.net.UrlChecker$TimeoutException: Timed out waiting for [http://localhost:23237/status] to be available after 20009 ms
at org.openqa.selenium.net.UrlChecker.waitUntilAvailable(UrlChecker.java:100)
at org.openqa.selenium.remote.service.DriverService.waitUntilAvailable(DriverService.java:197)
... 39 more
Caused by: java.util.concurrent.TimeoutException
at java.base/java.util.concurrent.FutureTask.get(FutureTask.java:204)
at com.google.common.util.concurrent.SimpleTimeLimiter.callWithTimeout(SimpleTimeLimiter.java:156)
at org.openqa.selenium.net.UrlChecker.waitUntilAvailable(UrlChecker.java:75)
... 40 more
]]>
    </error>
  </testcase> <!-- setUp -->
  <system-out/>
  <testcase classname="in.orangeHRM.testlayer.TestClass" name="verifyLoginTest" time="22.486"/>
  <system-out/>
  <testcase classname="in.orangeHRM.testlayer.TestClass" name="verifyLoggedUser" time="20.428"/>
  <system-out/>
  <testcase classname="in.orangeHRM.testlayer.TestClass" name="verifyClickAdmin" time="26.009"/>
  <system-out/>
  <testcase classname="in.orangeHRM.testlayer.TestClass" name="vefityNaviagtionToDashBoard" time="23.805"/>
  <system-out/>
  <testcase classname="in.orangeHRM.testlayer.TestClass" name="verifyClickOnPIM" time="22.561"/>
  <system-out/>
  <testcase classname="in.orangeHRM.testlayer.TestClass" name="verifyClickOnAddEmp" time="18.871"/>
  <system-out/>
  <testcase classname="in.orangeHRM.testlayer.TestClass" name="verifyEmpInforSave" time="63.759"/>
  <system-out/>
  <testcase classname="in.orangeHRM.testlayer.TestClass" name="verifyLeaveLink" time="24.609"/>
  <system-out/>
  <testcase classname="in.orangeHRM.testlayer.TestClass" name="verifyNavigationOnLeaveLink" time="41.911"/>
  <system-out/>
  <testcase classname="in.orangeHRM.testlayer.TestClass" name="verifyConfigureLink" time="18.520"/>
  <system-out/>
  <testcase classname="in.orangeHRM.testlayer.TestClass" name="verifyAllLinksClickable" time="26.566"/>
  <system-out/>
  <testcase classname="in.orangeHRM.testlayer.TestClass" name="getEmpReports" time="28.957"/>
  <system-out/>
  <testcase classname="in.orangeHRM.testlayer.TestClass" name="verifyRecruiLinkClickabel" time="19.342"/>
  <system-out/>
  <testcase classname="in.orangeHRM.testlayer.TestClass" name="verifyNavigation" time="26.478"/>
  <system-out/>
  <testcase classname="in.orangeHRM.testlayer.TestClass" name="verifyVacancies" time="26.230"/>
  <system-out/>
  <testcase classname="in.orangeHRM.testlayer.TestClass" name="verifyCandidateShortlisted" time="36.978"/>
  <system-out/>
  <testcase classname="in.orangeHRM.testlayer.TestClass" name="verifyPerforLinkCkickable" time="0.000">
    <skipped/>
  </testcase> <!-- verifyPerforLinkCkickable -->
  <system-out/>
  <testcase classname="in.orangeHRM.testlayer.TestClass" name="verifyAllLinkOnPerforPageclickable" time="0.000">
    <skipped/>
  </testcase> <!-- verifyAllLinkOnPerforPageclickable -->
  <system-out/>
  <testcase classname="in.orangeHRM.testlayer.TestClass" name="verifyEmpTrackers" time="0.000">
    <skipped/>
  </testcase> <!-- verifyEmpTrackers -->
  <system-out/>
  <testcase classname="in.orangeHRM.testlayer.TestClass" name="verifyMyPerforTrackers" time="0.000">
    <skipped/>
  </testcase> <!-- verifyMyPerforTrackers -->
  <system-out/>
  <testcase classname="in.orangeHRM.testlayer.TestClass" name="verifyDirectoryLinkClickable" time="0.000">
    <skipped/>
  </testcase> <!-- verifyDirectoryLinkClickable -->
  <system-out/>
  <testcase classname="in.orangeHRM.testlayer.TestClass" name="verifyNumbOfDirectory" time="0.000">
    <skipped/>
  </testcase> <!-- verifyNumbOfDirectory -->
  <system-out/>
  <testcase classname="in.orangeHRM.testlayer.TestClass" name="verifyLoggedUserDirectory" time="0.000">
    <skipped/>
  </testcase> <!-- verifyLoggedUserDirectory -->
  <system-out/>
  <testcase classname="in.orangeHRM.testlayer.TestClass" name="verifyMaintenanceLinkClickable" time="0.000">
    <skipped/>
  </testcase> <!-- verifyMaintenanceLinkClickable -->
  <system-out/>
  <testcase classname="in.orangeHRM.testlayer.TestClass" name="verifyEnteredPasswordValid" time="0.000">
    <skipped/>
  </testcase> <!-- verifyEnteredPasswordValid -->
  <system-out/>
  <testcase classname="in.orangeHRM.testlayer.TestClass" name="verifyLinksClickable" time="0.000">
    <skipped/>
  </testcase> <!-- verifyLinksClickable -->
  <system-out/>
  <testcase classname="in.orangeHRM.testlayer.TestClass" name="verifyCandidateRecords" time="0.000">
    <skipped/>
  </testcase> <!-- verifyCandidateRecords -->
  <system-out/>
  <testcase classname="in.orangeHRM.testlayer.TestClass" name="verifyPersonalData" time="0.000">
    <skipped/>
  </testcase> <!-- verifyPersonalData -->
  <system-out/>
  <testcase classname="in.orangeHRM.testlayer.TestClass" name="verifyBuzzLinkClickable" time="0.000">
    <skipped/>
  </testcase> <!-- verifyBuzzLinkClickable -->
  <system-out/>
  <testcase classname="in.orangeHRM.testlayer.TestClass" name="verifyLinkClickHereClickable" time="0.000">
    <skipped/>
  </testcase> <!-- verifyLinkClickHereClickable -->
  <system-out/>
  <testcase classname="in.orangeHRM.testlayer.TestClass" name="VerifyLogout" time="0.000">
    <skipped/>
  </testcase> <!-- VerifyLogout -->
  <system-out/>
</testsuite> <!-- in.orangeHRM.testlayer.TestClass -->
